Determining size of off64_t failed with the following output:
Change Dir: /Users/IanZhang/Documents/CS183/CS183_Sketch2Web/ios/build/iPhoneOS-armv7/CMakeFiles/CMakeTmp

Run Build Command:/usr/local/Cellar/cmake/2.8.10.2/bin/cmakexbuild -project CMAKE_TRY_COMPILE.xcodeproj build -target cmTryCompileExec37106073 -configuration Release
=== BUILD NATIVE TARGET cmTryCompileExec37106073 OF PROJECT CMAKE_TRY_COMPILE WITH CONFIGURATION Release ===
Check dependencies

CompileC CMAKE_TRY_COMPILE.build/Release/cmTryCompileExec37106073.build/Objects-normal/i386/OFF64_T.o ../CheckTypeSize/OFF64_T.c normal i386 c com.apple.compilers.llvm.clang.1_0.compiler
    cd /Users/IanZhang/Documents/CS183/CS183_Sketch2Web/ios/build/iPhoneOS-armv7/CMakeFiles/CMakeTmp
    /Applications/Xcode.app/Contents/Developer/Toolchains/XcodeDefault.xctoolchain/usr/bin/clang -x c -arch i386 -fmessage-length=0 -Wno-trigraphs -fpascal-strings -O3 -Wno-missing-field-initializers -Wno-missing-prototypes -Wno-return-type -Wformat -Wno-missing-braces -Wparentheses -Wswitch -Wno-unused-function -Wno-unused-label -Wno-unused-parameter -Wno-unused-variable -Wunused-value -Wno-empty-body -Wno-uninitialized -Wno-unknown-pragmas -Wno-shadow -Wno-four-char-constants -Wno-conversion -Wno-constant-conversion -Wno-int-conversion -Wno-enum-conversion -Wno-shorten-64-to-32 -Wpointer-sign -Wno-** BUILD FAILED **


The following build commands failed:
	CompileC CMAKE_TRY_COMPILE.build/Release/cmTryCompileExec37106073.build/Objects-normal/i386/OFF64_T.o ../CheckTypeSize/OFF64_T.c normal i386 c com.apple.compilers.llvm.clang.1_0.compiler
(1 failure)
newline-eof "-DCMAKE_INTDIR=\"Release\"" -fasm-blocks -fstrict-aliasing -Wdeprecated-declarations -Wno-sign-conversion -I/Users/IanZhang/Documents/CS183/CS183_Sketch2Web/ios/build/iPhoneOS-armv7/CMakeFiles/CMakeTmp/Release/include -I/Applications/Xcode.app/Contents/Developer/Toolchains/XcodeDefault.xctoolchain/usr/include -I/Applications/Xcode.app/Contents/Developer/Toolchains/XcodeDefault.xctoolchain/usr/include -I/Applications/Xcode.app/Contents/Developer/Toolchains/XcodeDefault.xctoolchain/usr/include -I/Users/IanZhang/Documents/CS183/CS183_Sketch2Web/ios/build/iPhoneOS-armv7/CMakeFiles/CMakeTmp/CMAKE_TRY_COMPILE.build/Release/cmTryCompileExec37106073.build/DerivedSources/i386 -I/Users/IanZhang/Documents/CS183/CS183_Sketch2Web/ios/build/iPhoneOS-armv7/CMakeFiles/CMakeTmp/CMAKE_TRY_COMPILE.build/Release/cmTryCompileExec37106073.build/DerivedSources -Wmost -Wno-four-char-constants -Wno-unknown-pragmas -F/Users/IanZhang/Documents/CS183/CS183_Sketch2Web/ios/build/iPhoneOS-armv7/CMakeFiles/CMakeTmp/Release -fPIC -fsigned-char -W -Werror=return-type -Werror=address -Werror=sequence-point -Wformat -Werror=format-security -Wmissing-declarations -Wmissing-prototypes -Wstrict-prototypes -Wundef -Winit-self -Wpointer-arith -Wshadow -Wsign-promo -Wno-narrowing -Wno-delete-non-virtual-dtor -Wno-unnamed-type-template-args -fdiagnostics-show-option -fno-omit-frame-pointer -DNDEBUG -MMD -MT dependencies -MF /Users/IanZhang/Documents/CS183/CS183_Sketch2Web/ios/build/iPhoneOS-armv7/CMakeFiles/CMakeTmp/CMAKE_TRY_COMPILE.build/Release/cmTryCompileExec37106073.build/Objects-normal/i386/OFF64_T.d --serialize-diagnostics /Users/IanZhang/Documents/CS183/CS183_Sketch2Web/ios/build/iPhoneOS-armv7/CMakeFiles/CMakeTmp/CMAKE_TRY_COMPILE.build/Release/cmTryCompileExec37106073.build/Objects-normal/i386/OFF64_T.dia -c /Users/IanZhang/Documents/CS183/CS183_Sketch2Web/ios/build/iPhoneOS-armv7/CMakeFiles/CMakeTmp/../CheckTypeSize/OFF64_T.c -o /Users/IanZhang/Documents/CS183/CS183_Sketch2Web/ios/build/iPhoneOS-armv7/CMakeFiles/CMakeTmp/CMAKE_TRY_COMPILE.build/Release/cmTryCompileExec37106073.build/Objects-normal/i386/OFF64_T.o
/Users/IanZhang/Documents/CS183/CS183_Sketch2Web/ios/build/iPhoneOS-armv7/CMakeFiles/CMakeTmp/../CheckTypeSize/OFF64_T.c:19:12: error: use of undeclared identifier 'off64_t'; did you mean 'off_t'?
  ('0' + ((SIZE / 10000)%10)),
           ^
/Users/IanZhang/Documents/CS183/CS183_Sketch2Web/ios/build/iPhoneOS-armv7/CMakeFiles/CMakeTmp/../CheckTypeSize/OFF64_T.c:17:22: note: expanded from macro 'SIZE'
#define SIZE (sizeof(off64_t))
                     ^
/Users/IanZhang/Documents/CS183/CS183_Sketch2Web/ios/build/iPhoneOS-armv7/CMakeFiles/CMakeTmp/../CheckTypeSize/OFF64_T.c:20:12: error: use of undeclared identifier 'off64_t'; did you mean 'off_t'?
  ('0' + ((SIZE / 1000)%10)),
           ^
/Users/IanZhang/Documents/CS183/CS183_Sketch2Web/ios/build/iPhoneOS-armv7/CMakeFiles/CMakeTmp/../CheckTypeSize/OFF64_T.c:17:22: note: expanded from macro 'SIZE'
#define SIZE (sizeof(off64_t))
                     ^
/Users/IanZhang/Documents/CS183/CS183_Sketch2Web/ios/build/iPhoneOS-armv7/CMakeFiles/CMakeTmp/../CheckTypeSize/OFF64_T.c:21:12: error: use of undeclared identifier 'off64_t'; did you mean 'off_t'?
  ('0' + ((SIZE / 100)%10)),
           ^
/Users/IanZhang/Documents/CS183/CS183_Sketch2Web/ios/build/iPhoneOS-armv7/CMakeFiles/CMakeTmp/../CheckTypeSize/OFF64_T.c:17:22: note: expanded from macro 'SIZE'
#define SIZE (sizeof(off64_t))
                     ^
/Users/IanZhang/Documents/CS183/CS183_Sketch2Web/ios/build/iPhoneOS-armv7/CMakeFiles/CMakeTmp/../CheckTypeSize/OFF64_T.c:22:12: error: use of undeclared identifier 'off64_t'; did you mean 'off_t'?
  ('0' + ((SIZE / 10)%10)),
           ^
/Users/IanZhang/Documents/CS183/CS183_Sketch2Web/ios/build/iPhoneOS-armv7/CMakeFiles/CMakeTmp/../CheckTypeSize/OFF64_T.c:17:22: note: expanded from macro 'SIZE'
#define SIZE (sizeof(off64_t))
                     ^
/Users/IanZhang/Documents/CS183/CS183_Sketch2Web/ios/build/iPhoneOS-armv7/CMakeFiles/CMakeTmp/../CheckTypeSize/OFF64_T.c:23:12: error: use of undeclared identifier 'off64_t'; did you mean 'off_t'?
  ('0' +  (SIZE    % 10)),
           ^
/Users/IanZhang/Documents/CS183/CS183_Sketch2Web/ios/build/iPhoneOS-armv7/CMakeFiles/CMakeTmp/../CheckTypeSize/OFF64_T.c:17:22: note: expanded from macro 'SIZE'
#define SIZE (sizeof(off64_t))
                     ^
5 errors generated.



/Users/IanZhang/Documents/CS183/CS183_Sketch2Web/ios/build/iPhoneOS-armv7/CMakeFiles/CheckTypeSize/OFF64_T.c:
#include <sys/types.h>
#include <stdint.h>
#include <stddef.h>


#undef KEY
#if defined(__i386)
# define KEY '_','_','i','3','8','6'
#elif defined(__x86_64)
# define KEY '_','_','x','8','6','_','6','4'
#elif defined(__ppc__)
# define KEY '_','_','p','p','c','_','_'
#elif defined(__ppc64__)
# define KEY '_','_','p','p','c','6','4','_','_'
#endif

#define SIZE (sizeof(off64_t))
char info_size[] =  {'I', 'N', 'F', 'O', ':', 's','i','z','e','[',
  ('0' + ((SIZE / 10000)%10)),
  ('0' + ((SIZE / 1000)%10)),
  ('0' + ((SIZE / 100)%10)),
  ('0' + ((SIZE / 10)%10)),
  ('0' +  (SIZE    % 10)),
  ']',
#ifdef KEY
  ' ','k','e','y','[', KEY, ']',
#endif
  '\0'};

#ifdef __CLASSIC_C__
int main(argc, argv) int argc; char *argv[];
#else
int main(int argc, char *argv[])
#endif
{
  int require = 0;
  require += info_size[argc];
  (void)argv;
  return require;
}


Determining if the include file linux/videodev.h exists failed with the following output:
Change Dir: /Users/IanZhang/Documents/CS183/CS183_Sketch2Web/ios/build/iPhoneOS-armv7/CMakeFiles/CMakeTmp

Run Build Command:/usr/local/Cellar/cmake/2.8.10.2/bin/cmakexbuild -project CMAKE_TRY_COMPILE.xcodeproj build -target cmTryCompileExec580984468 -configuration Release
=== BUILD NATIVE TARGET cmTryCompileExec580984468 OF PROJECT CMAKE_TRY_COMPILE WITH CONFIGURATION Release ===
Check dependencies

CompileC CMAKE_TRY_COMPILE.build/Release/cmTryCompileExec580984468.build/Objects-normal/i386/CheckIncludeFile.o CheckIncludeFile.c normal i386 c com.apple.compilers.llvm.clang.1_0.compiler
    cd /Users/IanZhang/Documents/CS183/CS183_Sketch2Web/ios/build/iPhoneOS-armv7/CMakeFiles/CMakeTmp
    /Applications/Xcode.app/Contents/Developer/Toolchains/XcodeDefault.xctoolchain/usr/bin/clang -x c -arch i386 -fmessage-length=0 -Wno-trigraphs -fpascal-strings -O3 -Wno-missing-field-initializers -Wno-missing-prototypes -Wno-return-type -Wformat -Wno-missing-braces -Wparentheses -Wswitch -Wno-unused-function -Wno-unused-label -Wno-unused-parameter -Wno-unused-variable -Wunused-value -Wno-empty-body -Wno-uninitialized -Wno-unknown-pragmas -Wno-shadow -Wno-four-char-constants -Wno-conversion -Wno-constant-conversion -Wno-int-conversion -Wno-enum-conversion -Wno-shorten-64-to-32 -Wpointer-sign -W** BUILD FAILED **


The following build commands failed:
	CompileC CMAKE_TRY_COMPILE.build/Release/cmTryCompileExec580984468.build/Objects-normal/i386/CheckIncludeFile.o CheckIncludeFile.c normal i386 c com.apple.compilers.llvm.clang.1_0.compiler
(1 failure)
no-newline-eof "-DCMAKE_INTDIR=\"Release\"" -fasm-blocks -fstrict-aliasing -Wdeprecated-declarations -Wno-sign-conversion -I/Users/IanZhang/Documents/CS183/CS183_Sketch2Web/ios/build/iPhoneOS-armv7/CMakeFiles/CMakeTmp/Release/include -I/Applications/Xcode.app/Contents/Developer/Toolchains/XcodeDefault.xctoolchain/usr/include -I/Applications/Xcode.app/Contents/Developer/Toolchains/XcodeDefault.xctoolchain/usr/include -I/Applications/Xcode.app/Contents/Developer/Toolchains/XcodeDefault.xctoolchain/usr/include -I/Users/IanZhang/Documents/CS183/CS183_Sketch2Web/ios/build/iPhoneOS-armv7/CMakeFiles/CMakeTmp/CMAKE_TRY_COMPILE.build/Release/cmTryCompileExec580984468.build/DerivedSources/i386 -I/Users/IanZhang/Documents/CS183/CS183_Sketch2Web/ios/build/iPhoneOS-armv7/CMakeFiles/CMakeTmp/CMAKE_TRY_COMPILE.build/Release/cmTryCompileExec580984468.build/DerivedSources -Wmost -Wno-four-char-constants -Wno-unknown-pragmas -F/Users/IanZhang/Documents/CS183/CS183_Sketch2Web/ios/build/iPhoneOS-armv7/CMakeFiles/CMakeTmp/Release -fPIC -fsigned-char -W -Werror=return-type -Werror=address -Werror=sequence-point -Wformat -Werror=format-security -Wmissing-declarations -Wmissing-prototypes -Wstrict-prototypes -Wundef -Winit-self -Wpointer-arith -Wshadow -Wsign-promo -Wno-narrowing -Wno-delete-non-virtual-dtor -Wno-unnamed-type-template-args -fdiagnostics-show-option -fno-omit-frame-pointer -DNDEBUG -MMD -MT dependencies -MF /Users/IanZhang/Documents/CS183/CS183_Sketch2Web/ios/build/iPhoneOS-armv7/CMakeFiles/CMakeTmp/CMAKE_TRY_COMPILE.build/Release/cmTryCompileExec580984468.build/Objects-normal/i386/CheckIncludeFile.d --serialize-diagnostics /Users/IanZhang/Documents/CS183/CS183_Sketch2Web/ios/build/iPhoneOS-armv7/CMakeFiles/CMakeTmp/CMAKE_TRY_COMPILE.build/Release/cmTryCompileExec580984468.build/Objects-normal/i386/CheckIncludeFile.dia -c /Users/IanZhang/Documents/CS183/CS183_Sketch2Web/ios/build/iPhoneOS-armv7/CMakeFiles/CMakeTmp/CheckIncludeFile.c -o /Users/IanZhang/Documents/CS183/CS183_Sketch2Web/ios/build/iPhoneOS-armv7/CMakeFiles/CMakeTmp/CMAKE_TRY_COMPILE.build/Release/cmTryCompileExec580984468.build/Objects-normal/i386/CheckIncludeFile.o
/Users/IanZhang/Documents/CS183/CS183_Sketch2Web/ios/build/iPhoneOS-armv7/CMakeFiles/CMakeTmp/CheckIncludeFile.c:1:10: fatal error: 'linux/videodev.h' file not found
#include <linux/videodev.h>
         ^
1 error generated.




Determining if the include file linux/videodev2.h exists failed with the following output:
Change Dir: /Users/IanZhang/Documents/CS183/CS183_Sketch2Web/ios/build/iPhoneOS-armv7/CMakeFiles/CMakeTmp

Run Build Command:/usr/local/Cellar/cmake/2.8.10.2/bin/cmakexbuild -project CMAKE_TRY_COMPILE.xcodeproj build -target cmTryCompileExec3606854550 -configuration Release
=== BUILD NATIVE TARGET cmTryCompileExec3606854550 OF PROJECT CMAKE_TRY_COMPILE WITH CONFIGURATION Release ===
Check dependencies

CompileC CMAKE_TRY_COMPILE.build/Release/cmTryCompileExec3606854550.build/Objects-normal/i386/CheckIncludeFile.o CheckIncludeFile.c normal i386 c com.apple.compilers.llvm.clang.1_0.compiler
    cd /Users/IanZhang/Documents/CS183/CS183_Sketch2Web/ios/build/iPhoneOS-armv7/CMakeFiles/CMakeTmp
    /Applications/Xcode.app/Contents/Developer/Toolchains/XcodeDefault.xctoolchain/usr/bin/clang -x c -arch i386 -fmessage-length=0 -Wno-trigraphs -fpascal-strings -O3 -Wno-missing-field-initializers -Wno-missing-prototypes -Wno-return-type -Wformat -Wno-missing-braces -Wparentheses -Wswitch -Wno-unused-function -Wno-unused-label -Wno-unused-parameter -Wno-unused-variable -Wunused-value -Wno-empty-body -Wno-uninitialized -Wno-unknown-pragmas -Wno-shadow -Wno-four-char-constants -Wno-conversion -Wno-constant-conversion -Wno-int-conversion -Wno-enum-conversion -Wno-shorten-64-to-32 -Wpointer-sign ** BUILD FAILED **


The following build commands failed:
	CompileC CMAKE_TRY_COMPILE.build/Release/cmTryCompileExec3606854550.build/Objects-normal/i386/CheckIncludeFile.o CheckIncludeFile.c normal i386 c com.apple.compilers.llvm.clang.1_0.compiler
(1 failure)
-Wno-newline-eof "-DCMAKE_INTDIR=\"Release\"" -fasm-blocks -fstrict-aliasing -Wdeprecated-declarations -Wno-sign-conversion -I/Users/IanZhang/Documents/CS183/CS183_Sketch2Web/ios/build/iPhoneOS-armv7/CMakeFiles/CMakeTmp/Release/include -I/Applications/Xcode.app/Contents/Developer/Toolchains/XcodeDefault.xctoolchain/usr/include -I/Applications/Xcode.app/Contents/Developer/Toolchains/XcodeDefault.xctoolchain/usr/include -I/Applications/Xcode.app/Contents/Developer/Toolchains/XcodeDefault.xctoolchain/usr/include -I/Users/IanZhang/Documents/CS183/CS183_Sketch2Web/ios/build/iPhoneOS-armv7/CMakeFiles/CMakeTmp/CMAKE_TRY_COMPILE.build/Release/cmTryCompileExec3606854550.build/DerivedSources/i386 -I/Users/IanZhang/Documents/CS183/CS183_Sketch2Web/ios/build/iPhoneOS-armv7/CMakeFiles/CMakeTmp/CMAKE_TRY_COMPILE.build/Release/cmTryCompileExec3606854550.build/DerivedSources -Wmost -Wno-four-char-constants -Wno-unknown-pragmas -F/Users/IanZhang/Documents/CS183/CS183_Sketch2Web/ios/build/iPhoneOS-armv7/CMakeFiles/CMakeTmp/Release -fPIC -fsigned-char -W -Werror=return-type -Werror=address -Werror=sequence-point -Wformat -Werror=format-security -Wmissing-declarations -Wmissing-prototypes -Wstrict-prototypes -Wundef -Winit-self -Wpointer-arith -Wshadow -Wsign-promo -Wno-narrowing -Wno-delete-non-virtual-dtor -Wno-unnamed-type-template-args -fdiagnostics-show-option -fno-omit-frame-pointer -DNDEBUG -MMD -MT dependencies -MF /Users/IanZhang/Documents/CS183/CS183_Sketch2Web/ios/build/iPhoneOS-armv7/CMakeFiles/CMakeTmp/CMAKE_TRY_COMPILE.build/Release/cmTryCompileExec3606854550.build/Objects-normal/i386/CheckIncludeFile.d --serialize-diagnostics /Users/IanZhang/Documents/CS183/CS183_Sketch2Web/ios/build/iPhoneOS-armv7/CMakeFiles/CMakeTmp/CMAKE_TRY_COMPILE.build/Release/cmTryCompileExec3606854550.build/Objects-normal/i386/CheckIncludeFile.dia -c /Users/IanZhang/Documents/CS183/CS183_Sketch2Web/ios/build/iPhoneOS-armv7/CMakeFiles/CMakeTmp/CheckIncludeFile.c -o /Users/IanZhang/Documents/CS183/CS183_Sketch2Web/ios/build/iPhoneOS-armv7/CMakeFiles/CMakeTmp/CMAKE_TRY_COMPILE.build/Release/cmTryCompileExec3606854550.build/Objects-normal/i386/CheckIncludeFile.o
/Users/IanZhang/Documents/CS183/CS183_Sketch2Web/ios/build/iPhoneOS-armv7/CMakeFiles/CMakeTmp/CheckIncludeFile.c:1:10: fatal error: 'linux/videodev2.h' file not found
#include <linux/videodev2.h>
         ^
1 error generated.




Determining if the include file sys/videoio.h exists failed with the following output:
Change Dir: /Users/IanZhang/Documents/CS183/CS183_Sketch2Web/ios/build/iPhoneOS-armv7/CMakeFiles/CMakeTmp

Run Build Command:/usr/local/Cellar/cmake/2.8.10.2/bin/cmakexbuild -project CMAKE_TRY_COMPILE.xcodeproj build -target cmTryCompileExec1457534831 -configuration Release
=== BUILD NATIVE TARGET cmTryCompileExec1457534831 OF PROJECT CMAKE_TRY_COMPILE WITH CONFIGURATION Release ===
Check dependencies

CompileC CMAKE_TRY_COMPILE.build/Release/cmTryCompileExec1457534831.build/Objects-normal/i386/CheckIncludeFile.o CheckIncludeFile.c normal i386 c com.apple.compilers.llvm.clang.1_0.compiler
    cd /Users/IanZhang/Documents/CS183/CS183_Sketch2Web/ios/build/iPhoneOS-armv7/CMakeFiles/CMakeTmp
    /Applications/Xcode.app/Contents/Developer/Toolchains/XcodeDefault.xctoolchain/usr/bin/clang -x c -arch i386 -fmessage-length=0 -Wno-trigraphs -fpascal-strings -O3 -Wno-missing-field-initializers -Wno-missing-prototypes -Wno-return-type -Wformat -Wno-missing-braces -Wparentheses -Wswitch -Wno-unused-function -Wno-unused-label -Wno-unused-parameter -Wno-unused-variable -Wunused-value -Wno-empty-body -Wno-uninitialized -Wno-unknown-pragmas -Wno-shadow -Wno-four-char-constants -Wno-conversion -Wno-constant-conversion -Wno-int-conversion -Wno-enum-conversion -Wno-shorten-64-to-32 -Wpointer-sign ** BUILD FAILED **


The following build commands failed:
	CompileC CMAKE_TRY_COMPILE.build/Release/cmTryCompileExec1457534831.build/Objects-normal/i386/CheckIncludeFile.o CheckIncludeFile.c normal i386 c com.apple.compilers.llvm.clang.1_0.compiler
(1 failure)
-Wno-newline-eof "-DCMAKE_INTDIR=\"Release\"" -fasm-blocks -fstrict-aliasing -Wdeprecated-declarations -Wno-sign-conversion -I/Users/IanZhang/Documents/CS183/CS183_Sketch2Web/ios/build/iPhoneOS-armv7/CMakeFiles/CMakeTmp/Release/include -I/Applications/Xcode.app/Contents/Developer/Toolchains/XcodeDefault.xctoolchain/usr/include -I/Applications/Xcode.app/Contents/Developer/Toolchains/XcodeDefault.xctoolchain/usr/include -I/Applications/Xcode.app/Contents/Developer/Toolchains/XcodeDefault.xctoolchain/usr/include -I/Users/IanZhang/Documents/CS183/CS183_Sketch2Web/ios/build/iPhoneOS-armv7/CMakeFiles/CMakeTmp/CMAKE_TRY_COMPILE.build/Release/cmTryCompileExec1457534831.build/DerivedSources/i386 -I/Users/IanZhang/Documents/CS183/CS183_Sketch2Web/ios/build/iPhoneOS-armv7/CMakeFiles/CMakeTmp/CMAKE_TRY_COMPILE.build/Release/cmTryCompileExec1457534831.build/DerivedSources -Wmost -Wno-four-char-constants -Wno-unknown-pragmas -F/Users/IanZhang/Documents/CS183/CS183_Sketch2Web/ios/build/iPhoneOS-armv7/CMakeFiles/CMakeTmp/Release -fPIC -fsigned-char -W -Werror=return-type -Werror=address -Werror=sequence-point -Wformat -Werror=format-security -Wmissing-declarations -Wmissing-prototypes -Wstrict-prototypes -Wundef -Winit-self -Wpointer-arith -Wshadow -Wsign-promo -Wno-narrowing -Wno-delete-non-virtual-dtor -Wno-unnamed-type-template-args -fdiagnostics-show-option -fno-omit-frame-pointer -DNDEBUG -MMD -MT dependencies -MF /Users/IanZhang/Documents/CS183/CS183_Sketch2Web/ios/build/iPhoneOS-armv7/CMakeFiles/CMakeTmp/CMAKE_TRY_COMPILE.build/Release/cmTryCompileExec1457534831.build/Objects-normal/i386/CheckIncludeFile.d --serialize-diagnostics /Users/IanZhang/Documents/CS183/CS183_Sketch2Web/ios/build/iPhoneOS-armv7/CMakeFiles/CMakeTmp/CMAKE_TRY_COMPILE.build/Release/cmTryCompileExec1457534831.build/Objects-normal/i386/CheckIncludeFile.dia -c /Users/IanZhang/Documents/CS183/CS183_Sketch2Web/ios/build/iPhoneOS-armv7/CMakeFiles/CMakeTmp/CheckIncludeFile.c -o /Users/IanZhang/Documents/CS183/CS183_Sketch2Web/ios/build/iPhoneOS-armv7/CMakeFiles/CMakeTmp/CMAKE_TRY_COMPILE.build/Release/cmTryCompileExec1457534831.build/Objects-normal/i386/CheckIncludeFile.o
/Users/IanZhang/Documents/CS183/CS183_Sketch2Web/ios/build/iPhoneOS-armv7/CMakeFiles/CMakeTmp/CheckIncludeFile.c:1:10: fatal error: 'sys/videoio.h' file not found
#include <sys/videoio.h>
         ^
1 error generated.




Determining if the include file linux/videodev.h exists failed with the following output:
Change Dir: /Users/IanZhang/Documents/CS183/CS183_Sketch2Web/ios/build/iPhoneOS-armv7/CMakeFiles/CMakeTmp

Run Build Command:/usr/local/Cellar/cmake/2.8.10.2/bin/cmakexbuild -project CMAKE_TRY_COMPILE.xcodeproj build -target cmTryCompileExec1412488628 -configuration Release
=== BUILD NATIVE TARGET cmTryCompileExec1412488628 OF PROJECT CMAKE_TRY_COMPILE WITH CONFIGURATION Release ===
Check dependencies

CompileC CMAKE_TRY_COMPILE.build/Release/cmTryCompileExec1412488628.build/Objects-normal/i386/CheckIncludeFile.o CheckIncludeFile.c normal i386 c com.apple.compilers.llvm.clang.1_0.compiler
    cd /Users/IanZhang/Documents/CS183/CS183_Sketch2Web/ios/build/iPhoneOS-armv7/CMakeFiles/CMakeTmp
    /Applications/Xcode.app/Contents/Developer/Toolchains/XcodeDefault.xctoolchain/usr/bin/clang -x c -arch i386 -fmessage-length=0 -Wno-trigraphs -fpascal-strings -O3 -Wno-missing-field-initializers -Wno-missing-prototypes -Wno-return-type -Wformat -Wno-missing-braces -Wparentheses -Wswitch -Wno-unused-function -Wno-unused-label -Wno-unused-parameter -Wno-unused-variable -Wunused-value -Wno-empty-body -Wno-uninitialized -Wno-unknown-pragmas -Wno-shadow -Wno-four-char-constants -Wno-conversion -Wno-constant-conversion -Wno-int-conversion -Wno-enum-conversion -Wno-shorten-64-to-32 -Wpointer-sign ** BUILD FAILED **


The following build commands failed:
	CompileC CMAKE_TRY_COMPILE.build/Release/cmTryCompileExec1412488628.build/Objects-normal/i386/CheckIncludeFile.o CheckIncludeFile.c normal i386 c com.apple.compilers.llvm.clang.1_0.compiler
(1 failure)
-Wno-newline-eof "-DCMAKE_INTDIR=\"Release\"" -fasm-blocks -fstrict-aliasing -Wdeprecated-declarations -Wno-sign-conversion -I/Users/IanZhang/Documents/CS183/CS183_Sketch2Web/ios/build/iPhoneOS-armv7/CMakeFiles/CMakeTmp/Release/include -I/Applications/Xcode.app/Contents/Developer/Toolchains/XcodeDefault.xctoolchain/usr/include -I/Applications/Xcode.app/Contents/Developer/Toolchains/XcodeDefault.xctoolchain/usr/include -I/Applications/Xcode.app/Contents/Developer/Toolchains/XcodeDefault.xctoolchain/usr/include -I/Users/IanZhang/Documents/CS183/CS183_Sketch2Web/ios/build/iPhoneOS-armv7/CMakeFiles/CMakeTmp/CMAKE_TRY_COMPILE.build/Release/cmTryCompileExec1412488628.build/DerivedSources/i386 -I/Users/IanZhang/Documents/CS183/CS183_Sketch2Web/ios/build/iPhoneOS-armv7/CMakeFiles/CMakeTmp/CMAKE_TRY_COMPILE.build/Release/cmTryCompileExec1412488628.build/DerivedSources -Wmost -Wno-four-char-constants -Wno-unknown-pragmas -F/Users/IanZhang/Documents/CS183/CS183_Sketch2Web/ios/build/iPhoneOS-armv7/CMakeFiles/CMakeTmp/Release -fPIC -fsigned-char -W -Werror=return-type -Werror=address -Werror=sequence-point -Wformat -Werror=format-security -Wmissing-declarations -Wmissing-prototypes -Wstrict-prototypes -Wundef -Winit-self -Wpointer-arith -Wshadow -Wsign-promo -Wno-narrowing -Wno-delete-non-virtual-dtor -Wno-unnamed-type-template-args -fdiagnostics-show-option -fno-omit-frame-pointer -DNDEBUG -MMD -MT dependencies -MF /Users/IanZhang/Documents/CS183/CS183_Sketch2Web/ios/build/iPhoneOS-armv7/CMakeFiles/CMakeTmp/CMAKE_TRY_COMPILE.build/Release/cmTryCompileExec1412488628.build/Objects-normal/i386/CheckIncludeFile.d --serialize-diagnostics /Users/IanZhang/Documents/CS183/CS183_Sketch2Web/ios/build/iPhoneOS-armv7/CMakeFiles/CMakeTmp/CMAKE_TRY_COMPILE.build/Release/cmTryCompileExec1412488628.build/Objects-normal/i386/CheckIncludeFile.dia -c /Users/IanZhang/Documents/CS183/CS183_Sketch2Web/ios/build/iPhoneOS-armv7/CMakeFiles/CMakeTmp/CheckIncludeFile.c -o /Users/IanZhang/Documents/CS183/CS183_Sketch2Web/ios/build/iPhoneOS-armv7/CMakeFiles/CMakeTmp/CMAKE_TRY_COMPILE.build/Release/cmTryCompileExec1412488628.build/Objects-normal/i386/CheckIncludeFile.o
/Users/IanZhang/Documents/CS183/CS183_Sketch2Web/ios/build/iPhoneOS-armv7/CMakeFiles/CMakeTmp/CheckIncludeFile.c:1:10: fatal error: 'linux/videodev.h' file not found
#include <linux/videodev.h>
         ^
1 error generated.




Determining if the include file linux/videodev2.h exists failed with the following output:
Change Dir: /Users/IanZhang/Documents/CS183/CS183_Sketch2Web/ios/build/iPhoneOS-armv7/CMakeFiles/CMakeTmp

Run Build Command:/usr/local/Cellar/cmake/2.8.10.2/bin/cmakexbuild -project CMAKE_TRY_COMPILE.xcodeproj build -target cmTryCompileExec3120303000 -configuration Release
=== BUILD NATIVE TARGET cmTryCompileExec3120303000 OF PROJECT CMAKE_TRY_COMPILE WITH CONFIGURATION Release ===
Check dependencies

CompileC CMAKE_TRY_COMPILE.build/Release/cmTryCompileExec3120303000.build/Objects-normal/i386/CheckIncludeFile.o CheckIncludeFile.c normal i386 c com.apple.compilers.llvm.clang.1_0.compiler
    cd /Users/IanZhang/Documents/CS183/CS183_Sketch2Web/ios/build/iPhoneOS-armv7/CMakeFiles/CMakeTmp
    /Applications/Xcode.app/Contents/Developer/Toolchains/XcodeDefault.xctoolchain/usr/bin/clang -x c -arch i386 -fmessage-length=0 -Wno-trigraphs -fpascal-strings -O3 -Wno-missing-field-initializers -Wno-missing-prototypes -Wno-return-type -Wformat -Wno-missing-braces -Wparentheses -Wswitch -Wno-unused-function -Wno-unused-label -Wno-unused-parameter -Wno-unused-variable -Wunused-value -Wno-empty-body -Wno-uninitialized -Wno-unknown-pragmas -Wno-shadow -Wno-four-char-constants -Wno-conversion -Wno-constant-conversion -Wno-int-conversion -Wno-enum-conversion -Wno-shorten-64-to-32 -Wpointer-sign ** BUILD FAILED **


The following build commands failed:
	CompileC CMAKE_TRY_COMPILE.build/Release/cmTryCompileExec3120303000.build/Objects-normal/i386/CheckIncludeFile.o CheckIncludeFile.c normal i386 c com.apple.compilers.llvm.clang.1_0.compiler
(1 failure)
-Wno-newline-eof "-DCMAKE_INTDIR=\"Release\"" -fasm-blocks -fstrict-aliasing -Wdeprecated-declarations -Wno-sign-conversion -I/Users/IanZhang/Documents/CS183/CS183_Sketch2Web/ios/build/iPhoneOS-armv7/CMakeFiles/CMakeTmp/Release/include -I/Applications/Xcode.app/Contents/Developer/Toolchains/XcodeDefault.xctoolchain/usr/include -I/Applications/Xcode.app/Contents/Developer/Toolchains/XcodeDefault.xctoolchain/usr/include -I/Applications/Xcode.app/Contents/Developer/Toolchains/XcodeDefault.xctoolchain/usr/include -I/Users/IanZhang/Documents/CS183/CS183_Sketch2Web/ios/build/iPhoneOS-armv7/CMakeFiles/CMakeTmp/CMAKE_TRY_COMPILE.build/Release/cmTryCompileExec3120303000.build/DerivedSources/i386 -I/Users/IanZhang/Documents/CS183/CS183_Sketch2Web/ios/build/iPhoneOS-armv7/CMakeFiles/CMakeTmp/CMAKE_TRY_COMPILE.build/Release/cmTryCompileExec3120303000.build/DerivedSources -Wmost -Wno-four-char-constants -Wno-unknown-pragmas -F/Users/IanZhang/Documents/CS183/CS183_Sketch2Web/ios/build/iPhoneOS-armv7/CMakeFiles/CMakeTmp/Release -fPIC -fsigned-char -W -Werror=return-type -Werror=address -Werror=sequence-point -Wformat -Werror=format-security -Wmissing-declarations -Wmissing-prototypes -Wstrict-prototypes -Wundef -Winit-self -Wpointer-arith -Wshadow -Wsign-promo -Wno-narrowing -Wno-delete-non-virtual-dtor -Wno-unnamed-type-template-args -fdiagnostics-show-option -fno-omit-frame-pointer -DNDEBUG -MMD -MT dependencies -MF /Users/IanZhang/Documents/CS183/CS183_Sketch2Web/ios/build/iPhoneOS-armv7/CMakeFiles/CMakeTmp/CMAKE_TRY_COMPILE.build/Release/cmTryCompileExec3120303000.build/Objects-normal/i386/CheckIncludeFile.d --serialize-diagnostics /Users/IanZhang/Documents/CS183/CS183_Sketch2Web/ios/build/iPhoneOS-armv7/CMakeFiles/CMakeTmp/CMAKE_TRY_COMPILE.build/Release/cmTryCompileExec3120303000.build/Objects-normal/i386/CheckIncludeFile.dia -c /Users/IanZhang/Documents/CS183/CS183_Sketch2Web/ios/build/iPhoneOS-armv7/CMakeFiles/CMakeTmp/CheckIncludeFile.c -o /Users/IanZhang/Documents/CS183/CS183_Sketch2Web/ios/build/iPhoneOS-armv7/CMakeFiles/CMakeTmp/CMAKE_TRY_COMPILE.build/Release/cmTryCompileExec3120303000.build/Objects-normal/i386/CheckIncludeFile.o
/Users/IanZhang/Documents/CS183/CS183_Sketch2Web/ios/build/iPhoneOS-armv7/CMakeFiles/CMakeTmp/CheckIncludeFile.c:1:10: fatal error: 'linux/videodev2.h' file not found
#include <linux/videodev2.h>
         ^
1 error generated.




Determining if the include file sys/videoio.h exists failed with the following output:
Change Dir: /Users/IanZhang/Documents/CS183/CS183_Sketch2Web/ios/build/iPhoneOS-armv7/CMakeFiles/CMakeTmp

Run Build Command:/usr/local/Cellar/cmake/2.8.10.2/bin/cmakexbuild -project CMAKE_TRY_COMPILE.xcodeproj build -target cmTryCompileExec2257209954 -configuration Release
=== BUILD NATIVE TARGET cmTryCompileExec2257209954 OF PROJECT CMAKE_TRY_COMPILE WITH CONFIGURATION Release ===
Check dependencies

CompileC CMAKE_TRY_COMPILE.build/Release/cmTryCompileExec2257209954.build/Objects-normal/i386/CheckIncludeFile.o CheckIncludeFile.c normal i386 c com.apple.compilers.llvm.clang.1_0.compiler
    cd /Users/IanZhang/Documents/CS183/CS183_Sketch2Web/ios/build/iPhoneOS-armv7/CMakeFiles/CMakeTmp
    /Applications/Xcode.app/Contents/Developer/Toolchains/XcodeDefault.xctoolchain/usr/bin/clang -x c -arch i386 -fmessage-length=0 -Wno-trigraphs -fpascal-strings -O3 -Wno-missing-field-initializers -Wno-missing-prototypes -Wno-return-type -Wformat -Wno-missing-braces -Wparentheses -Wswitch -Wno-unused-function -Wno-unused-label -Wno-unused-parameter -Wno-unused-variable -Wunused-value -Wno-empty-body -Wno-uninitialized -Wno-unknown-pragmas -Wno-shadow -Wno-four-char-constants -Wno-conversion -Wno-constant-conversion -Wno-int-conversion -Wno-enum-conversion -Wno-shorten-64-to-32 -Wpointer-sign ** BUILD FAILED **


The following build commands failed:
-Wno-newline-eof "-DCMAKE_INTDIR=\"Release\"" -fasm-blocks -fstrict-aliasing -Wdeprecated-declarations -Wno-sign-conversion -I/Users/IanZhang/Documents/CS183/CS183_Sketch2Web/ios/build/iPhoneOS-armv7/CMakeFiles/CMakeTmp/Release/include -I/Applications/Xcode.app/Contents/Developer/Toolchains/XcodeDefault.xctoolchain/usr/include -I/Applications/Xcode.app/Contents/Developer/Toolchains/XcodeDefault.xctoolchain/usr/include -I/Applications/Xcode.app/Contents/Developer/Toolchains/XcodeDefault.xctoolchain/usr/include -I/Users/IanZhang/Documents/CS183/CS183_Sketch2Web/ios/build/iPhoneOS-armv7/CMakeFiles/CMakeTmp/CMAKE_TRY_COMPILE.build/Release/cmTryCompileExec2257209954.build/DerivedSources/i386 -I/Users/IanZhang/Documents/CS183/CS183_Sketch2Web/ios/build/iPhoneOS-armv7/CMakeFiles/CMakeTmp/CMAKE_TRY_COMPILE.build/Release/cmTryCompileExec2257209954.build/DerivedSources -Wmost -Wno-four-char-constants -Wno-unknown-pragmas -F/Users/IanZhang/Documents/CS183/CS183_Sketch2Web/ios/build/iPhoneOS-armv7/CMakeFiles/CMakeTmp/Rel	CompileC CMAKE_TRY_COMPILE.build/Release/cmTryCompileExec2257209954.build/Objects-normal/i386/CheckIncludeFile.o CheckIncludeFile.c normal i386 c com.apple.compilers.llvm.clang.1_0.compiler
(1 failure)
ease -fPIC -fsigned-char -W -Werror=return-type -Werror=address -Werror=sequence-point -Wformat -Werror=format-security -Wmissing-declarations -Wmissing-prototypes -Wstrict-prototypes -Wundef -Winit-self -Wpointer-arith -Wshadow -Wsign-promo -Wno-narrowing -Wno-delete-non-virtual-dtor -Wno-unnamed-type-template-args -fdiagnostics-show-option -fno-omit-frame-pointer -DNDEBUG -MMD -MT dependencies -MF /Users/IanZhang/Documents/CS183/CS183_Sketch2Web/ios/build/iPhoneOS-armv7/CMakeFiles/CMakeTmp/CMAKE_TRY_COMPILE.build/Release/cmTryCompileExec2257209954.build/Objects-normal/i386/CheckIncludeFile.d --serialize-diagnostics /Users/IanZhang/Documents/CS183/CS183_Sketch2Web/ios/build/iPhoneOS-armv7/CMakeFiles/CMakeTmp/CMAKE_TRY_COMPILE.build/Release/cmTryCompileExec2257209954.build/Objects-normal/i386/CheckIncludeFile.dia -c /Users/IanZhang/Documents/CS183/CS183_Sketch2Web/ios/build/iPhoneOS-armv7/CMakeFiles/CMakeTmp/CheckIncludeFile.c -o /Users/IanZhang/Documents/CS183/CS183_Sketch2Web/ios/build/iPhoneOS-armv7/CMakeFiles/CMakeTmp/CMAKE_TRY_COMPILE.build/Release/cmTryCompileExec2257209954.build/Objects-normal/i386/CheckIncludeFile.o
/Users/IanZhang/Documents/CS183/CS183_Sketch2Web/ios/build/iPhoneOS-armv7/CMakeFiles/CMakeTmp/CheckIncludeFile.c:1:10: fatal error: 'sys/videoio.h' file not found
#include <sys/videoio.h>
         ^
1 error generated.




